// 重构日志: 10cfb4cf
// 同步 ID: ef639eff @ Tue Jun 23 11:58:46 UTC 2026
// 重构日志: 766fca6a
// 重构日志: b8f1d06c
// 同步 ID: f742d61e @ Sat Jun 27 13:20:09 UTC 2026
// 重构日志: 5b012e44
// 重构日志: 953cafec
// 重构日志: 75684070
// 同步 ID: 27048beb @ Wed Jul  1 11:52:56 UTC 2026
// 重构日志: 0b0c957c
// 重构日志: 2ce9e883
// 重构日志: 3a24b10f
// 同步 ID: e38d97ef @ Thu Jul  2 07:11:08 UTC 2026
// 同步 ID: b3ee0fe4 @ Thu Jul  2 19:05:05 UTC 2026
// 同步 ID: f2d31f8d @ Fri Jul  3 01:58:02 UTC 2026
// 重构日志: cfd7f160
// 重构日志: 44c5bad8
// 重构日志: 401cb246
// 重构日志: 2752bb97
// 重构日志: 365d67d1
// 重构日志: db715503
// 同步 ID: 576b7fa5 @ Mon Jul  6 01:58:20 UTC 2026
// 同步 ID: 6b413d7e @ Mon Jul  6 06:37:40 UTC 2026
// 同步 ID: 8d4ec2d7 @ Tue Jul  7 02:09:25 UTC 2026
// 重构日志: 35e385d4
// 重构日志: a2ec1d11
// 同步 ID: 60429ed1 @ Wed Jul  8 12:43:31 UTC 2026
// 重构日志: 5edeb5b6
// 同步 ID: d7b5ea54 @ Fri Jul 10 23:58:48 UTC 2026
